[2026-04-04 08:31:32] === LOOP STARTING ===
[2026-04-04 08:31:32] Working directory: /home/user/go/src/github.com/opd-ai/go-stats-generator
[2026-04-04 08:31:32] Prompt directory:  /home/user/go/src/github.com/opd-ai/go-stats-generator/prompts
[2026-04-04 08:31:32] Max iterations:    10
[2026-04-04 08:31:32] --- Initialization ---
[2026-04-04 08:31:32] AUDIT.md not found — delegating BASE_AUDIT.md...
[2026-04-04 08:31:32] Delegating: BASE_AUDIT.md
[2026-04-04 08:38:14] Delegation complete: BASE_AUDIT.md (exit code: 141)
[2026-04-04 08:38:14] AUDIT.md created successfully.
[2026-04-04 08:38:14] PLAN.md not found — delegating MAKE_PLAN.md...
[2026-04-04 08:38:14] Delegating: MAKE_PLAN.md
[2026-04-04 08:41:25] Delegation complete: MAKE_PLAN.md (exit code: 141)
[2026-04-04 08:41:25] PLAN.md created successfully.
[2026-04-04 08:41:25] --- Entering main loop (max 10 iterations) ---
[2026-04-04 08:41:25] 
[2026-04-04 08:41:25] === Iteration 1 / 10 ===
[2026-04-04 08:41:25] Step A: Executing next task...
[2026-04-04 08:41:25] Delegating: EXECUTE.md
[2026-04-04 09:38:44] Delegation complete: EXECUTE.md (exit code: 141)
[2026-04-04 09:38:44] WARNING: EXECUTE.md delegation returned non-zero.
[2026-04-04 09:38:44] Step B: Running tests...
[2026-04-04 09:38:44] Running tests...
[2026-04-04 09:38:44] Tests FAILED (exit code: 1)
[2026-04-04 09:38:44] Tests failed — delegating FAIL.md to diagnose and fix...
[2026-04-04 09:38:44] Delegating: FAIL.md
[2026-04-04 09:40:05] Delegation complete: FAIL.md (exit code: 141)
[2026-04-04 09:40:05] Running tests...
[2026-04-04 09:40:05] Tests FAILED (exit code: 1)
[2026-04-04 09:40:05] Tests still failing after FAIL.md — continuing to next iteration.
[2026-04-04 09:40:05] [iteration 1] executed EXECUTE.md + FAIL.md — tests: FAIL (persisted)
[2026-04-04 09:40:05] 
[2026-04-04 09:40:05] === Iteration 2 / 10 ===
[2026-04-04 09:40:05] Step A: Executing next task...
[2026-04-04 09:40:05] Delegating: EXECUTE.md
[2026-04-04 10:28:50] Delegation complete: EXECUTE.md (exit code: 141)
[2026-04-04 10:28:50] WARNING: EXECUTE.md delegation returned non-zero.
[2026-04-04 10:28:50] Step B: Running tests...
[2026-04-04 10:28:50] Running tests...
[2026-04-04 10:28:50] Tests FAILED (exit code: 1)
[2026-04-04 10:28:50] Tests failed — delegating FAIL.md to diagnose and fix...
[2026-04-04 10:28:50] Delegating: FAIL.md
[2026-04-04 10:30:16] Delegation complete: FAIL.md (exit code: 141)
[2026-04-04 10:30:16] Running tests...
[2026-04-04 10:30:16] Tests FAILED (exit code: 1)
[2026-04-04 10:30:16] Tests still failing after FAIL.md — continuing to next iteration.
[2026-04-04 10:30:16] [iteration 2] executed EXECUTE.md + FAIL.md — tests: FAIL (persisted)
[2026-04-04 10:30:16] Backlog is empty (AUDIT.md and PLAN.md absent/empty).
[2026-04-04 10:30:16] Running tests...
[2026-04-04 10:30:17] Tests FAILED (exit code: 1)
[2026-04-04 10:30:17] Backlog empty but tests failing — delegating FAIL.md...
[2026-04-04 10:30:17] Delegating: FAIL.md
[2026-04-04 10:31:34] Delegation complete: FAIL.md (exit code: 141)
[2026-04-04 10:31:34] Running tests...
[2026-04-04 10:31:34] Tests FAILED (exit code: 1)
[2026-04-04 10:31:34] Tests still failing after FAIL.md on empty backlog — continuing.
[2026-04-04 10:31:34] 
[2026-04-04 10:31:34] === Iteration 3 / 10 ===
[2026-04-04 10:31:34] Step A: Executing next task...
[2026-04-04 10:31:34] Delegating: EXECUTE.md
